[Thu Dec 11 22:04:24.143 2014] 0.057 sec [all/0/rel 0 (0,20)] [cetsix] man
[Thu Dec 11 22:04:42.459 2014] 0.001 sec [all/0/rel 0 (0,20)] [cetsix] man
[Thu Dec 11 22:05:51.828 2014] 0.017 sec [all/0/rel 6 (0,20)] [cetsix] 男人
[Thu Dec 11 22:11:06.391 2014] 0.001 sec [all/0/rel 6 (0,20)] [cetsix] 男人
[Thu Dec 11 22:14:26.953 2014] 0.001 sec [all/0/rel 6 (0,20)] [cetsix] 男人
[Thu Dec 11 22:14:44.595 2014] 0.001 sec [all/0/rel 6 (0,20)] [cetsix] 男人
[Thu Dec 11 22:15:01.954 2014] 0.001 sec [all/0/rel 3 (0,20)] [cetsix] 胸
[Thu Dec 11 22:15:14.482 2014] 0.001 sec [all/0/rel 7 (0,20)] [cetsix] 女人
[Thu Dec 11 22:15:33.136 2014] 0.001 sec [all/0/rel 2 (0,20)] [cetsix] 高潮
[Thu Dec 11 22:20:08.657 2014] 0.001 sec [all/0/rel 2 (0,20)] [cetsix] 高潮
[Thu Dec 11 22:20:48.966 2014] 0.001 sec [all/0/rel 2 (0,20)] [cetsix] 高潮
[Thu Dec 11 22:23:05.759 2014] 0.001 sec [all/0/rel 2 (0,20)] [cetsix] 高潮
[Thu Dec 11 22:27:22.360 2014] 0.001 sec [any/0/rel 2 (0,20)] [cetsix] 高潮
[Thu Dec 11 22:27:48.646 2014] 0.001 sec [any/0/rel 6 (0,20)] [cetsix] 学习
[Thu Dec 11 22:28:07.235 2014] 0.001 sec [any/0/rel 0 (0,20)] [cetsix] 美女
[Thu Dec 11 22:28:20.355 2014] 0.001 sec [any/0/rel 32 (0,20)] [cetsix] 美
[Thu Dec 11 22:28:36.321 2014] 0.001 sec [any/0/rel 5 (0,20)] [cetsix] 美丽
[Thu Dec 11 22:55:57.376 2014] 0.001 sec [any/0/rel 5 (0,20)] [cetsix] 美丽
[Thu Dec 18 18:37:10.660 2014] 0.126 sec [any/0/rel 5 (0,20)] [cetsix] 美丽
[Thu Dec 18 18:40:27.149 2014] 0.001 sec [any/0/rel 5 (0,20)] [cetsix] 美丽
[Thu Dec 18 18:40:46.007 2014] 0.041 sec [any/0/rel 41 (0,20)] [cetsix] 好
[Thu Dec 18 18:41:41.044 2014] 0.001 sec [any/0/rel 41 (0,20)] [cetsix] 好
[Thu Dec 18 18:42:56.695 2014] 0.001 sec [any/0/rel 41 (0,20)] [cetsix] 好
[Thu Dec 18 19:39:54.160 2014] 0.001 sec [any/0/rel 41 (0,20)] [cetsix] 好
[Thu Dec 18 19:40:44.804 2014] 0.001 sec [any/0/rel 41 (0,20)] [cetsix] 好
[Thu Dec 18 19:41:06.451 2014] 0.001 sec [any/0/rel 41 (0,20)] [cetsix] 好
[Thu Dec 18 19:41:21.890 2014] 0.001 sec [any/0/rel 41 (0,20)] [cetsix] 好000000000000000000000000
[Thu Dec 18 19:41:40.606 2014] 0.043 sec [any/0/rel 4026 (0,20)] [cetsix] 好不好的好不好
[Thu Dec 18 19:42:22.713 2014] 0.006 sec [any/0/rel 4026 (0,20)] [cetsix] 好不好的好不好
[Thu Dec 18 19:44:25.857 2014] 0.007 sec [any/0/rel 4026 (0,20)] [cetsix] 好不好的好不好
[Thu Dec 18 19:45:56.128 2014] 0.006 sec [any/0/rel 4026 (0,20)] [cetsix] 好不好的好不好
[Thu Dec 18 19:47:15.621 2014] 0.006 sec [any/0/rel 4026 (0,20)] [cetsix] 好不好的好不好
[Thu Dec 18 19:48:32.858 2014] 0.006 sec [any/0/rel 4026 (0,20)] [cetsix] 好不好的好不好
[Thu Dec 18 19:49:15.095 2014] 0.006 sec [any/0/rel 4026 (0,20)] [cetsix] 好不好的好不好
[Thu Dec 18 19:49:37.484 2014] 0.008 sec [any/0/rel 4026 (0,20)] [cetsix] 好不好的好不好
[Thu Dec 18 19:51:18.161 2014] 0.008 sec [any/0/rel 4026 (0,20)] [cetsix] 好不好的好不好____________
[Thu Dec 18 19:52:14.451 2014] 0.055 sec [any/0/rel 3 (0,20)] [cetsix] 中华人民共和国
[Thu Dec 18 19:58:31.091 2014] 0.002 sec [phr/0/rel 0 (0,20)] [cetsix] 中华人民共和国
[Thu Dec 18 19:58:49.759 2014] 0.002 sec [phr/0/rel 0 (0,20)] [cetsix] 你好
[Thu Dec 18 19:59:13.097 2014] 0.001 sec [phr/0/rel 0 (0,20)] [cetsix] 你好
[Thu Dec 18 19:59:24.835 2014] 0.001 sec [phr/0/rel 5 (0,20)] [cetsix] 美丽
[Thu Dec 18 20:02:41.886 2014] 0.030 sec [phr/0/rel 8 (0,20)] [cetsix] 漂亮
[Thu Dec 18 20:03:01.888 2014] 0.055 sec [phr/0/rel 2 (0,20)] [cetsix] 中国
[Thu Dec 18 20:03:44.332 2014] 0.032 sec [any/0/rel 2 (0,20)] [cetsix] 中国
[Thu Dec 18 20:04:01.071 2014] 0.001 sec [any/0/rel 2 (0,20)] [cetsix] 中国
[Thu Dec 18 20:18:33.255 2014] 0.001 sec [phr/0/rel 8 (0,20)] [cetsix] 漂亮
[Thu Dec 18 20:19:06.008 2014] 0.001 sec [phr/0/rel 5 (0,20)] [cetsix] 美丽
[Thu Dec 18 20:19:14.808 2014] 0.029 sec [phr/0/rel 32 (0,20)] [cetsix] 美
[Thu Dec 18 20:19:35.711 2014] 0.001 sec [any/0/rel 5 (0,20)] [cetsix] 美丽
[Thu Dec 18 20:20:27.866 2014] 0.001 sec [phr/0/rel 5 (0,20)] [cetsix] 美丽
[Thu Dec 18 20:21:42.433 2014] 0.002 sec [phr/0/rel 0 (0,20)] [cetsix] 美丽的的
[Thu Dec 18 20:22:26.001 2014] 0.002 sec [phr/0/rel 0 (0,20)] [cetsix] 美丽的的
[Thu Dec 18 20:40:18.749 2014] 0.003 sec [phr/0/rel 8 (0,20)] [cetsix] 漂亮
[Thu Dec 18 20:41:16.779 2014] 0.001 sec [phr/0/rel 8 (0,20)] [cetsix] 漂亮
[Thu Dec 18 20:52:30.739 2014] 0.002 sec [phr/0/rel 8 (0,20)] [cetsix] 漂亮
[Thu Dec 18 20:58:39.736 2014] 0.001 sec [phr/0/rel 8 (0,20)] [cetsix] 漂亮
[Thu Dec 18 20:58:39.904 2014] 0.001 sec [phr/0/rel 8 (0,20)] [cetsix] 漂亮
[Thu Dec 18 20:58:40.167 2014] 0.001 sec [phr/0/rel 8 (0,20)] [cetsix] 漂亮
[Thu Dec 18 20:58:40.262 2014] 0.001 sec [phr/0/rel 8 (0,20)] [cetsix] 漂亮
[Thu Dec 18 20:58:40.370 2014] 0.001 sec [phr/0/rel 8 (0,20)] [cetsix] 漂亮
[Thu Dec 18 20:58:40.511 2014] 0.000 sec [phr/0/rel 8 (0,20)] [cetsix] 漂亮
[Thu Dec 18 20:58:40.589 2014] 0.001 sec [phr/0/rel 8 (0,20)] [cetsix] 漂亮
[Thu Dec 18 20:58:41.074 2014] 0.001 sec [phr/0/rel 8 (0,20)] [cetsix] 漂亮
[Thu Dec 18 20:59:32.603 2014] 0.001 sec [phr/0/rel 8 (0,20)] [cetsix] 漂亮
[Thu Dec 18 21:07:15.059 2014] 0.001 sec [phr/0/rel 2 (0,20)] [cetsix] 中国
[Thu Dec 18 21:07:29.082 2014] 0.001 sec [phr/0/rel 8 (0,20)] [cetsix] 漂亮
[Thu Dec 18 21:07:42.102 2014] 0.032 sec [phr/0/rel 3 (0,20)] [cetsix] 穴
[Thu Dec 18 21:07:47.970 2014] 0.001 sec [phr/0/rel 0 (0,20)] [cetsix] 阴道
[Thu Dec 18 21:07:54.013 2014] 0.033 sec [phr/0/rel 0 (0,20)] [cetsix] 私穴
[Thu Dec 18 21:07:57.998 2014] 0.001 sec [phr/0/rel 0 (0,20)] [cetsix] 美女
[Thu Dec 18 21:08:24.445 2014] 0.001 sec [any/0/rel 0 (0,20)] [cetsix] 美女
[Thu Dec 18 21:08:32.579 2014] 0.001 sec [any/0/rel 0 (0,20)] [cetsix] 美女
[Thu Dec 18 21:08:44.529 2014] 0.001 sec [any/0/rel 5 (0,20)] [cetsix] 美丽
[Thu Dec 18 21:08:58.985 2014] 0.001 sec [any/0/rel 0 (0,20)] [cetsix] 美女
[Thu Dec 18 21:09:54.177 2014] 0.001 sec [any/0/rel 0 (0,20)] [cetsix] 美女
[Thu Dec 18 21:10:07.112 2014] 0.046 sec [any/0/rel 32 (0,20)] [cetsix] 美
[Thu Dec 18 21:10:40.091 2014] 0.002 sec [any/0/rel 3 (0,20)] [cetsix] 穴
[Thu Dec 18 21:10:49.555 2014] 0.005 sec [any/0/rel 4026 (0,20)] [cetsix] 好的
[Thu Dec 18 21:11:06.007 2014] 0.002 sec [phr/0/rel 24 (0,20)] [cetsix] 好的
[Thu Dec 18 21:11:07.716 2014] 0.003 sec [phr/0/rel 24 (0,20)] [cetsix] 好的
[Thu Dec 18 21:11:38.376 2014] 0.003 sec [all/0/rel 36 (0,20)] [cetsix] 好的
[Thu Dec 18 21:12:09.603 2014] 0.001 sec [phr/0/rel 2 (0,20)] [cetsix] 中国
[Thu Dec 18 21:12:20.364 2014] 0.042 sec [phr/0/rel 1 (0,20)] [cetsix] 欣赏
[Thu Dec 18 21:12:25.171 2014] 0.020 sec [phr/0/rel 2 (0,20)] [cetsix] 历史
[Thu Dec 18 21:12:31.206 2014] 0.001 sec [phr/0/rel 1 (0,20)] [cetsix] 单词
[Thu Dec 18 21:12:35.308 2014] 0.001 sec [phr/0/rel 0 (0,20)] [cetsix] 比如
[Thu Dec 18 21:12:41.565 2014] 0.030 sec [phr/0/rel 2 (0,20)] [cetsix] 假如
[Thu Dec 18 21:13:17.244 2014] 0.001 sec [phr/0/rel 0 (0,20)] [cetsix] 体检
[Thu Dec 18 21:13:21.749 2014] 0.030 sec [phr/0/rel 4 (0,20)] [cetsix] 意见
[Thu Dec 18 21:13:30.839 2014] 0.001 sec [phr/0/rel 0 (0,20)] [cetsix] 中文
[Thu Dec 18 21:13:34.653 2014] 0.036 sec [phr/0/rel 2 (0,20)] [cetsix] 英语
[Thu Dec 18 21:13:57.060 2014] 0.001 sec [any/0/rel 0 (0,20)] [cetsix] 中文
[Thu Dec 18 21:41:38.152 2014] 0.001 sec [any/0/rel 0 (0,20)] [cetsix] 中文
[Thu Dec 18 21:41:42.834 2014] 0.033 sec [any/0/rel 2 (0,20)] [cetsix] 英语
[Thu Dec 18 21:41:49.085 2014] 0.061 sec [any/0/rel 1 (0,20)] [cetsix] 查询
[Thu Dec 18 21:41:57.186 2014] 0.001 sec [any/0/rel 2 (0,20)] [cetsix] 朋友
[Thu Dec 18 21:42:32.751 2014] 0.058 sec [any/0/rel 8 (0,20)] [cetsix] 方法
[Thu Dec 18 21:43:33.005 2014] 0.083 sec [any/0/rel 20 (0,20)] [cetsix] 没有匹配项
[Thu Dec 18 21:43:33.103 2014] 0.001 sec [any/0/rel 20 (0,20)] [cetsix] 没有匹配项
[Thu Dec 18 21:43:38.961 2014] 0.001 sec [any/0/rel 20 (0,20)] [cetsix] 没有匹配项
[Thu Dec 18 21:43:44.124 2014] 0.001 sec [any/0/rel 8 (0,20)] [cetsix] 方法
[Thu Dec 18 23:38:00.069 2014] 0.001 sec [any/0/rel 1 (0,20)] [cetsix] 火星
[Fri Dec 26 03:21:56.338 2014] 0.177 sec [any/0/rel 2 (0,20)] [cetsix] 中国
